<?xml version="1.0" encoding="utf-8"?><testsuites name="pytest tests"><testsuite name="pytest" errors="0" failures="0" skipped="0" tests="8" time="2.156" timestamp="2026-08-11T23:15:47.024040+00:00" hostname="agent-env-0cb9ff57-f2ed-4322-8a96-4e6095b77ce1"><testcase classname="backend.tests.test_credit_pricing_imports" name="test_serverless_entrypoint_imports_apply_generation_surcharges" time="0.010" /><testcase classname="backend.tests.test_credit_pricing_imports" name="test_credit_pricing_cjs_defines_and_exports_apply_generation_surcharges" time="0.000" /><testcase classname="backend.tests.test_credit_pricing_imports" name="test_frontend_import_exports_and_dependency_chain_are_intact" time="0.001" /><testcase classname="backend.tests.test_credit_pricing_imports" name="test_serverless_entrypoint_has_valid_node_syntax" time="0.032" /><testcase classname="backend.tests.test_credit_pricing_imports" name="test_credit_pricing_runtime_export_and_behavior" time="0.024" /><testcase classname="backend.tests.test_credit_pricing_imports" name="test_fresh_entrypoint_load_has_no_apply_generation_surcharges_reference_error" time="0.321" /><testcase classname="backend.tests.test_credit_pricing_imports" name="test_all_apply_generation_surcharge_calls_have_a_binding" time="0.871" /><testcase classname="backend.tests.test_credit_pricing_imports" name="test_all_get_surcharges_calls_have_a_binding" time="0.874" /></testsuite></testsuites>