<?xml version="1.0" encoding="utf-8"?><testsuites name="pytest tests"><testsuite name="pytest" errors="0" failures="1" skipped="0" tests="36" time="4.753" timestamp="2026-06-10T19:53:03.354358+00:00" hostname="agent-env-1ac595f7-e1ed-4984-b40d-adc3495966c5"><testcase classname="backend.tests.test_full_audit.TestPublic" name="test_health" time="0.246" /><testcase classname="backend.tests.test_full_audit.TestPublic" name="test_root" time="0.055" /><testcase classname="backend.tests.test_full_audit.TestPublic" name="test_public_endpoint[/api/public/pricing]" time="0.053" /><testcase classname="backend.tests.test_full_audit.TestPublic" name="test_public_endpoint[/api/public/stats]" time="0.060" /><testcase classname="backend.tests.test_full_audit.TestPublic" name="test_public_endpoint[/api/public/styles]" time="0.051" /><testcase classname="backend.tests.test_full_audit.TestPublic" name="test_public_endpoint[/api/public/artistic-styles]" time="0.079" /><testcase classname="backend.tests.test_full_audit.TestPublic" name="test_public_endpoint[/api/public/pro-presets]" time="0.051" /><testcase classname="backend.tests.test_full_audit.TestPublic" name="test_public_endpoint[/api/public/poster-templates]" time="0.059" /><testcase classname="backend.tests.test_full_audit.TestPublic" name="test_public_endpoint[/api/public/wizard-steps]" time="0.051" /><testcase classname="backend.tests.test_full_audit.TestPublic" name="test_public_endpoint[/api/public/padrao-styles]" time="0.053" /><testcase classname="backend.tests.test_full_audit.TestPublic" name="test_public_endpoint[/api/public/visual-styles]" time="0.049" /><testcase classname="backend.tests.test_full_audit.TestPublic" name="test_public_endpoint[/api/public/aspect-ratios]" time="0.070" /><testcase classname="backend.tests.test_full_audit.TestPublic" name="test_public_endpoint[/api/public/wizard-questions]" time="0.054" /><testcase classname="backend.tests.test_full_audit.TestPublic" name="test_public_endpoint[/api/public/personalities]" time="0.052" /><testcase classname="backend.tests.test_full_audit.TestPublic" name="test_public_endpoint[/api/public/packages]" time="0.054" /><testcase classname="backend.tests.test_full_audit.TestPublic" name="test_public_endpoint[/api/public/poster-models]" time="0.049" /><testcase classname="backend.tests.test_full_audit.TestPublic" name="test_explore" time="0.049" /><testcase classname="backend.tests.test_full_audit.TestAuth" name="test_admin_login" time="0.282" /><testcase classname="backend.tests.test_full_audit.TestAuth" name="test_test_user_login" time="0.276" /><testcase classname="backend.tests.test_full_audit.TestAuth" name="test_me" time="0.404" /><testcase classname="backend.tests.test_full_audit.TestAuth" name="test_check_email" time="0.051" /><testcase classname="backend.tests.test_full_audit.TestAuth" name="test_login_wrong_password" time="0.268" /><testcase classname="backend.tests.test_full_audit.TestUserData" name="test_credits_balance" time="0.050" /><testcase classname="backend.tests.test_full_audit.TestUserData" name="test_credits_transactions" time="0.068" /><testcase classname="backend.tests.test_full_audit.TestUserData" name="test_generations_history" time="1.453" /><testcase classname="backend.tests.test_full_audit.TestUserData" name="test_generations_pending" time="0.052" /><testcase classname="backend.tests.test_full_audit.TestUserData" name="test_settings_get" time="0.048" /><testcase classname="backend.tests.test_full_audit.TestUserData" name="test_referrals_stats" time="0.055" /><testcase classname="backend.tests.test_full_audit.TestAdmin" name="test_admin_stats" time="0.060" /><testcase classname="backend.tests.test_full_audit.TestAdmin" name="test_admin_users" time="0.049" /><testcase classname="backend.tests.test_full_audit.TestAdmin" name="test_admin_transactions" time="0.048" /><testcase classname="backend.tests.test_full_audit.TestAdmin" name="test_admin_purchases" time="0.050" /><testcase classname="backend.tests.test_full_audit.TestAdmin" name="test_admin_finance" time="0.048"><failure message="assert 500 == 200&#10; +  where 500 = &lt;Response [500]&gt;.status_code">backend/tests/test_full_audit.py:152: in test_admin_finance
    assert r.status_code == 200
E   assert 500 == 200
E    +  where 500 = &lt;Response [500]&gt;.status_code</failure></testcase><testcase classname="backend.tests.test_full_audit.TestAdmin" name="test_admin_ip_groups" time="0.051" /><testcase classname="backend.tests.test_full_audit.TestValidation" name="test_generate_easy_unauth" time="0.048" /><testcase classname="backend.tests.test_full_audit.TestValidation" name="test_generate_pro_missing_preset" time="0.053" /></testsuite></testsuites>