<?xml version="1.0" encoding="utf-8"?><testsuites name="pytest tests"><testsuite name="pytest" errors="0" failures="0" skipped="0" tests="12" time="17.898" timestamp="2026-05-12T05:15:31.208529+00:00" hostname="agent-env-1ac595f7-e1ed-4984-b40d-adc3495966c5"><testcase classname="backend.tests.test_remake_pixel.TestPublic" name="test_aspect_ratios_6_with_21_9" time="0.261" /><testcase classname="backend.tests.test_remake_pixel.TestPublic" name="test_padrao_styles_96" time="0.068" /><testcase classname="backend.tests.test_remake_pixel.TestPublic" name="test_pro_presets_20_with_category_and_nome" time="0.047" /><testcase classname="backend.tests.test_remake_pixel.TestAuth" name="test_register_gives_30_credits" time="0.276" /><testcase classname="backend.tests.test_remake_pixel.TestAuth" name="test_me_returns_30_credits" time="0.046" /><testcase classname="backend.tests.test_remake_pixel.TestWizard" name="test_compose_numeric_mapping" time="2.540" /><testcase classname="backend.tests.test_remake_pixel.TestGenerateEasy" name="test_missing_photo_returns_422" time="0.048" /><testcase classname="backend.tests.test_remake_pixel.TestGenerateEasy" name="test_bad_style_id_returns_400" time="0.047" /><testcase classname="backend.tests.test_remake_pixel.TestGenerateEasy" name="test_unauth_returns_401" time="0.046" /><testcase classname="backend.tests.test_remake_pixel.TestGeneratePro" name="test_missing_preset_id_returns_422" time="0.045" /><testcase classname="backend.tests.test_remake_pixel.TestGeneratePro" name="test_bad_preset_id_returns_400" time="0.046" /><testcase classname="backend.tests.test_remake_pixel.TestRateLimit" name="test_wizard_compose_many_ok" time="14.255" /></testsuite></testsuites>