<?xml version="1.0" encoding="utf-8"?><testsuites name="pytest tests"><testsuite name="pytest" errors="0" failures="0" skipped="0" tests="4" time="2.477" timestamp="2026-06-10T20:14:55.821380+00:00" hostname="agent-env-1ac595f7-e1ed-4984-b40d-adc3495966c5"><testcase classname="backend.tests.test_full_audit.TestFixes" name="test_proxy_media_bad_host" time="0.168" /><testcase classname="backend.tests.test_full_audit.TestFixes" name="test_proxy_media_missing_param" time="0.049" /><testcase classname="backend.tests.test_full_audit.TestFixes" name="test_proxy_media_valid_host" time="0.279" /><testcase classname="backend.tests.test_full_audit.TestFixes" name="test_generation_media_endpoint_shape" time="1.899" /></testsuite></testsuites>