<?xml version="1.0" encoding="utf-8"?><testsuites name="pytest tests"><testsuite name="pytest" errors="0" failures="1" skipped="1" tests="20" time="96.457" timestamp="2026-05-12T02:24:22.327105+00:00" hostname="agent-env-1ac595f7-e1ed-4984-b40d-adc3495966c5"><testcase classname="backend.tests.test_phase2.TestPublicLists" name="test_pro_presets_20" time="0.258" /><testcase classname="backend.tests.test_phase2.TestPublicLists" name="test_artistic_styles_33" time="0.161" /><testcase classname="backend.tests.test_phase2.TestPublicLists" name="test_poster_templates_44" time="0.111" /><testcase classname="backend.tests.test_phase2.TestPublicLists" name="test_wizard_steps_5" time="0.153" /><testcase classname="backend.tests.test_phase2.TestWizardSuggest" name="test_wizard_compose" time="2.619" /><testcase classname="backend.tests.test_phase2.TestWizardSuggest" name="test_suggest_6" time="4.994" /><testcase classname="backend.tests.test_phase2.TestWizardSuggest" name="test_suggest_short_theme_400" time="0.180" /><testcase classname="backend.tests.test_phase2.TestSettings" name="test_get_defaults" time="0.102" /><testcase classname="backend.tests.test_phase2.TestSettings" name="test_put_persists" time="0.454" /><testcase classname="backend.tests.test_phase2.TestVideoPosterValidation" name="test_video_prompt_too_short" time="0.171" /><testcase classname="backend.tests.test_phase2.TestVideoPosterValidation" name="test_poster_unknown_template" time="0.102" /><testcase classname="backend.tests.test_phase2.TestExploreToggle" name="test_explore_returns_list" time="0.112" /><testcase classname="backend.tests.test_phase2.TestExploreToggle" name="test_toggle_public_not_found" time="0.134" /><testcase classname="backend.tests.test_phase2.TestProGeneration" name="test_generate_pro" time="1.983" /><testcase classname="backend.tests.test_phase2.TestArtisticGeneration" name="test_generate_artistic" time="1.850" /><testcase classname="backend.tests.test_phase2.TestProValidation" name="test_pro_unknown_preset" time="0.122" /><testcase classname="backend.tests.test_phase2.TestNSFW" name="test_nsfw_prompt_rewritten_no_400" time="0.000"><failure message="ModuleNotFoundError: No module named 'services'">backend/tests/test_phase2.py:237: in test_nsfw_prompt_rewritten_no_400
    from services import nsfw as nsfw_mod
E   ModuleNotFoundError: No module named 'services'</failure></testcase><testcase classname="backend.tests.test_phase2.TestRateLimit" name="test_admin_bypass_30plus" time="78.962" /><testcase classname="backend.tests.test_phase2.TestRateLimit" name="test_user_429_after_30" time="3.527" /><testcase classname="backend.tests.test_phase2.TestCarousel" name="test_carousel_2_slides" time="0.340"><skipped type="pytest.skip" message="Carousel non-200 (429): {&quot;detail&quot;:&quot;Too many requests. Wait a moment.&quot;}">/app/backend/tests/test_phase2.py:286: Carousel non-200 (429): {"detail":"Too many requests. Wait a moment."}</skipped></testcase></testsuite></testsuites>