<?xml version="1.0" encoding="utf-8"?><testsuites name="pytest tests"><testsuite name="pytest" errors="0" failures="0" skipped="0" tests="27" time="8.317" timestamp="2026-05-12T02:07:53.117491+00:00" hostname="agent-env-1ac595f7-e1ed-4984-b40d-adc3495966c5"><testcase classname="backend.tests.backend_test.TestPublic" name="test_health" time="0.232" /><testcase classname="backend.tests.backend_test.TestPublic" name="test_public_stats" time="0.061" /><testcase classname="backend.tests.backend_test.TestPublic" name="test_public_styles" time="0.069" /><testcase classname="backend.tests.backend_test.TestPublic" name="test_public_packages" time="0.055" /><testcase classname="backend.tests.backend_test.TestAuth" name="test_register_new_user_50_credits" time="0.286" /><testcase classname="backend.tests.backend_test.TestAuth" name="test_register_admin_role" time="0.058" /><testcase classname="backend.tests.backend_test.TestAuth" name="test_login_invalid" time="0.273" /><testcase classname="backend.tests.backend_test.TestAuth" name="test_login_valid_user" time="0.274" /><testcase classname="backend.tests.backend_test.TestAuth" name="test_me_with_token" time="0.334" /><testcase classname="backend.tests.backend_test.TestAuth" name="test_me_without_token" time="0.050" /><testcase classname="backend.tests.backend_test.TestAuth" name="test_admin_has_admin_role" time="0.327" /><testcase classname="backend.tests.backend_test.TestCredits" name="test_balance" time="0.053" /><testcase classname="backend.tests.backend_test.TestCredits" name="test_transactions" time="0.060" /><testcase classname="backend.tests.backend_test.TestGeneration" name="test_insufficient_credits_returns_402" time="0.654" /><testcase classname="backend.tests.backend_test.TestGeneration" name="test_advanced_generate_real_replicate" time="3.815" /><testcase classname="backend.tests.backend_test.TestGeneration" name="test_history" time="0.066" /><testcase classname="backend.tests.backend_test.TestGeneration" name="test_favorite_and_delete" time="0.152" /><testcase classname="backend.tests.backend_test.TestGeneration" name="test_delete_nonexistent" time="0.052" /><testcase classname="backend.tests.backend_test.TestStripe" name="test_checkout_returns_url" time="0.593" /><testcase classname="backend.tests.backend_test.TestStripe" name="test_checkout_invalid_package" time="0.051" /><testcase classname="backend.tests.backend_test.TestStripe" name="test_webhook_invalid_signature" time="0.056" /><testcase classname="backend.tests.backend_test.TestAdmin" name="test_non_admin_blocked" time="0.148" /><testcase classname="backend.tests.backend_test.TestAdmin" name="test_admin_stats" time="0.061" /><testcase classname="backend.tests.backend_test.TestAdmin" name="test_admin_users" time="0.049" /><testcase classname="backend.tests.backend_test.TestAdmin" name="test_admin_credits_adjust" time="0.162" /><testcase classname="backend.tests.backend_test.TestAdmin" name="test_admin_patch_user" time="0.108" /><testcase classname="backend.tests.backend_test.TestAdmin" name="test_admin_transactions" time="0.049" /></testsuite></testsuites>